TN:
SF:/Users/ziyang0621/Desktop/Course Workspace/app.js
FN:22,(anonymous_0)
FN:35,returnMyName
FN:40,sayHello
FN:44,multiply
FN:67,(anonymous_4)
FN:73,(anonymous_5)
FN:87,neverReturns
FNF:7
FNH:0
FNDA:0,(anonymous_0)
FNDA:0,returnMyName
FNDA:0,sayHello
FNDA:0,multiply
FNDA:0,(anonymous_4)
FNDA:0,(anonymous_5)
FNDA:0,neverReturns
DA:2,0
DA:5,0
DA:8,0
DA:12,0
DA:15,0
DA:16,0
DA:19,0
DA:22,0
DA:23,0
DA:24,0
DA:25,0
DA:27,0
DA:28,0
DA:30,0
DA:31,0
DA:32,0
DA:33,0
DA:36,0
DA:38,0
DA:41,0
DA:45,0
DA:48,0
DA:53,0
DA:54,0
DA:56,0
DA:65,0
DA:68,0
DA:71,0
DA:74,0
DA:78,0
DA:79,0
DA:82,0
DA:83,0
DA:84,0
DA:88,0
DA:91,0
DA:92,0
DA:94,0
DA:95,0
DA:96,0
LF:40
LH:0
BRDA:26,0,0,0
BRDA:26,0,1,0
BRDA:83,1,0,0
BRDA:83,1,1,0
BRF:4
BRH:0
end_of_record
TN:
SF:/Users/ziyang0621/Desktop/Course Workspace/exercise.js
FN:3,(anonymous_0)
FNF:1
FNH:0
FNDA:0,(anonymous_0)
DA:1,0
DA:4,0
DA:7,0
DA:12,0
DA:13,0
LF:5
LH:0
BRF:0
BRH:0
end_of_record
